{"total": {"lines":{"total":225,"covered":225,"skipped":0,"pct":100},"statements":{"total":225,"covered":225,"skipped":0,"pct":100},"functions":{"total":12,"covered":11,"skipped":0,"pct":91.66},"branches":{"total":84,"covered":71,"skipped":0,"pct":84.52},"branchesTrue":{"total":0,"covered":0,"skipped":0,"pct":100}}
,"C:\\Users\\maplex\\music-service\\frontend\\src\\pages\\RecentlyPlayed.jsx": {"lines":{"total":184,"covered":184,"skipped":0,"pct":100},"functions":{"total":7,"covered":6,"skipped":0,"pct":85.71},"statements":{"total":184,"covered":184,"skipped":0,"pct":100},"branches":{"total":44,"covered":34,"skipped":0,"pct":77.27}}
,"C:\\Users\\maplex\\music-service\\frontend\\src\\utils\\recentlyPlayed.js": {"lines":{"total":41,"covered":41,"skipped":0,"pct":100},"functions":{"total":5,"covered":5,"skipped":0,"pct":100},"statements":{"total":41,"covered":41,"skipped":0,"pct":100},"branches":{"total":40,"covered":37,"skipped":0,"pct":92.5}}
}
